<?xml version="1.0" encoding="UTF-8"?>
<!-- Generated by org.testng.reporters.JUnitXMLReporter -->
<testsuite ignored="0" hostname="Vikrams-MacBook-Pro.local" failures="1" tests="4" name="Test" time="156.856" errors="0" timestamp="2023-08-01T08:19:51 IST">
  <testcase classname="com.orange.qa.testcases.AdminManagementTest" name="validateUserSearch" time="24.348">
    <skipped/>
  </testcase> <!-- validateUserSearch -->
  <testcase classname="com.orange.qa.testcases.AdminManagementTest" name="validateUserSearch" time="23.566">
    <skipped/>
  </testcase> <!-- validateUserSearch -->
  <testcase classname="com.orange.qa.testcases.AdminManagementTest" name="validateUserSearch" time="23.173">
    <skipped/>
  </testcase> <!-- validateUserSearch -->
  <testcase classname="com.orange.qa.testcases.AdminManagementTest" name="validateUserSearch" time="23.209">
    <failure type="org.openqa.selenium.support.ui.UnexpectedTagNameException" message="Element should have been &amp;quot;select&amp;quot; but was &amp;quot;div&amp;quot;
Build info: version: &amp;apos;3.141.59&amp;apos;, revision: &amp;apos;e82be7d358&amp;apos;, time: &amp;apos;2018-11-14T08:17:03&amp;apos;
System info: host: &amp;apos;Vikrams-MacBook-Pro.local&amp;apos;, ip: &amp;apos;fe80:0:0:0:4d5:ede5:4e2a:cc18%en0&amp;apos;, os.name: &amp;apos;Mac OS X&amp;apos;, os.arch: &amp;apos;x86_64&amp;apos;, os.version: &amp;apos;11.2.3&amp;apos;, java.version: &amp;apos;17.0.7&amp;apos;
Driver info: driver.version: unknown">
      <![CDATA[org.openqa.selenium.support.ui.UnexpectedTagNameException: Element should have been "select" but was "div"
Build info: version: '3.141.59', revision: 'e82be7d358', time: '2018-11-14T08:17:03'
System info: host: 'Vikrams-MacBook-Pro.local', ip: 'fe80:0:0:0:4d5:ede5:4e2a:cc18%en0', os.name: 'Mac OS X', os.arch: 'x86_64', os.version: '11.2.3', java.version: '17.0.7'
Driver info: driver.version: unknown
at org.openqa.selenium.support.ui.Select.<init>(Select.java:48)
at com.orange.qa.pages.AdminManagementPage.searchUser(AdminManagementPage.java:55)
at com.orange.qa.testcases.AdminManagementTest.validateUserSearch(AdminManagementTest.java:73)
at java.base/java.util.ArrayList.forEach(ArrayList.java:1511)
... Removed 27 stack frames]]>
    </failure>
  </testcase> <!-- validateUserSearch -->
</testsuite> <!-- Test -->
